# JRE version: 7.0_05-b05
# Java VM: Java HotSpot(TM) Client VM (23.1-b03 mixed mode, sharing windows-x86 )
Heap
 def new generation   total 5952K, used 2849K [0x22b50000, 0x231c0000, 0x280a0000)
  eden space 5312K,  46% used [0x22b50000, 0x22db48b8, 0x23080000)
  from space 640K,  62% used [0x23080000, 0x230e3b98, 0x23120000)
  to   space 640K,   0% used [0x23120000, 0x23120000, 0x231c0000)
 tenured generation   total 13120K, used 10716K [0x280a0000, 0x28d70000, 0x32b50000)
   the space 13120K,  81% used [0x280a0000, 0x28b170f8, 0x28b17200, 0x28d70000)
 compacting perm gen  total 12288K, used 9845K [0x32b50000, 0x33750000, 0x36b50000)
   the space 12288K,  80% used [0x32b50000, 0x334ed500, 0x334ed600, 0x33750000)
    ro space 10240K,  42% used [0x36b50000, 0x36f8e580, 0x36f8e600, 0x37550000)
    rw space 12288K,  54% used [0x37550000, 0x37bcf128, 0x37bcf200, 0x38150000)
GC Heap History (10 events):
Event: 11.396 GC heap before
{Heap before GC invocations=39 (full 1):
 def new generation   total 5952K, used 5388K [0x22b50000, 0x231c0000, 0x280a0000)
  eden space 5312K, 100% used [0x22b50000, 0x23080000, 0x23080000)
  from space 640K,  11% used [0x23120000, 0x23133238, 0x231c0000)
  to   space 640K,   0% used [0x23080000, 0x23080000, 0x23120000)
 tenured generation   total 13120K, used 10454K [0x280a0000, 0x28d70000, 0x32b50000)
   the space 13120K,  79% used [0x280a0000, 0x28ad5a40, 0x28ad5c00, 0x28d70000)
 compacting perm gen  total 12288K, used 9493K [0x32b50000, 0x33750000, 0x36b50000)
   the space 12288K,  77% used [0x32b50000, 0x33495418, 0x33495600, 0x33750000)
    ro space 10240K,  42% used [0x36b50000, 0x36f8e580, 0x36f8e600, 0x37550000)
    rw space 12288K,  54% used [0x37550000, 0x37bcf128, 0x37bcf200, 0x38150000)
Event: 11.398 GC heap after
Heap after GC invocations=40 (full 1):
 def new generation   total 5952K, used 224K [0x22b50000, 0x231c0000, 0x280a0000)
  eden space 5312K,   0% used [0x22b50000, 0x22b50000, 0x23080000)
  from space 640K,  35% used [0x23080000, 0x230b8080, 0x23120000)
  to   space 640K,   0% used [0x23120000, 0x23120000, 0x231c0000)
 tenured generation   total 13120K, used 10454K [0x280a0000, 0x28d70000, 0x32b50000)
   the space 13120K,  79% used [0x280a0000, 0x28ad5a40, 0x28ad5c00, 0x28d70000)
 compacting perm gen  total 12288K, used 9493K [0x32b50000, 0x33750000, 0x36b50000)
   the space 12288K,  77% used [0x32b50000, 0x33495418, 0x33495600, 0x33750000)
    ro space 10240K,  42% used [0x36b50000, 0x36f8e580, 0x36f8e600, 0x37550000)
    rw space 12288K,  54% used [0x37550000, 0x37bcf128, 0x37bcf200, 0x38150000)
}
Event: 11.430 GC heap before
{Heap before GC invocations=40 (full 1):
 def new generation   total 5952K, used 5536K [0x22b50000, 0x231c0000, 0x280a0000)
  eden space 5312K, 100% used [0x22b50000, 0x23080000, 0x23080000)
  from space 640K,  35% used [0x23080000, 0x230b8080, 0x23120000)
  to   space 640K,   0% used [0x23120000, 0x23120000, 0x231c0000)
 tenured generation   total 13120K, used 10454K [0x280a0000, 0x28d70000, 0x32b50000)
   the space 13120K,  79% used [0x280a0000, 0x28ad5a40, 0x28ad5c00, 0x28d70000)
 compacting perm gen  total 12288K, used 9496K [0x32b50000, 0x33750000, 0x36b50000)
   the space 12288K,  77% used [0x32b50000, 0x334962a0, 0x33496400, 0x33750000)
    ro space 10240K,  42% used [0x36b50000, 0x36f8e580, 0x36f8e600, 0x37550000)
    rw space 12288K,  54% used [0x37550000, 0x37bcf128, 0x37bcf200, 0x38150000)
Event: 11.432 GC heap after
Heap after GC invocations=41 (full 1):
 def new generation   total 5952K, used 345K [0x22b50000, 0x231c0000, 0x280a0000)
  eden space 5312K,   0% used [0x22b50000, 0x22b50000, 0x23080000)
  from space 640K,  53% used [0x23120000, 0x23176568, 0x231c0000)
  to   space 640K,   0% used [0x23080000, 0x23080000, 0x23120000)
 tenured generation   total 13120K, used 10454K [0x280a0000, 0x28d70000, 0x32b50000)
   the space 13120K,  79% used [0x280a0000, 0x28ad5a40, 0x28ad5c00, 0x28d70000)
 compacting perm gen  total 12288K, used 9496K [0x32b50000, 0x33750000, 0x36b50000)
   the space 12288K,  77% used [0x32b50000, 0x334962a0, 0x33496400, 0x33750000)
    ro space 10240K,  42% used [0x36b50000, 0x36f8e580, 0x36f8e600, 0x37550000)
    rw space 12288K,  54% used [0x37550000, 0x37bcf128, 0x37bcf200, 0x38150000)
}
Event: 11.926 GC heap before
{Heap before GC invocations=41 (full 1):
 def new generation   total 5952K, used 5657K [0x22b50000, 0x231c0000, 0x280a0000)
  eden space 5312K, 100% used [0x22b50000, 0x23080000, 0x23080000)
  from space 640K,  53% used [0x23120000, 0x23176568, 0x231c0000)
  to   space 640K,   0% used [0x23080000, 0x23080000, 0x23120000)
 tenured generation   total 13120K, used 10454K [0x280a0000, 0x28d70000, 0x32b50000)
   the space 13120K,  79% used [0x280a0000, 0x28ad5a40, 0x28ad5c00, 0x28d70000)
 compacting perm gen  total 12288K, used 9506K [0x32b50000, 0x33750000, 0x36b50000)
   the space 12288K,  77% used [0x32b50000, 0x33498b88, 0x33498c00, 0x33750000)
    ro space 10240K,  42% used [0x36b50000, 0x36f8e580, 0x36f8e600, 0x37550000)
    rw space 12288K,  54% used [0x37550000, 0x37bcf128, 0x37bcf200, 0x38150000)
Event: 11.928 GC heap after
Heap after GC invocations=42 (full 1):
 def new generation   total 5952K, used 345K [0x22b50000, 0x231c0000, 0x280a0000)
  eden space 5312K,   0% used [0x22b50000, 0x22b50000, 0x23080000)
  from space 640K,  53% used [0x23080000, 0x230d6490, 0x23120000)
  to   space 640K,   0% used [0x23120000, 0x23120000, 0x231c0000)
 tenured generation   total 13120K, used 10524K [0x280a0000, 0x28d70000, 0x32b50000)
   the space 13120K,  80% used [0x280a0000, 0x28ae73e0, 0x28ae7400, 0x28d70000)
 compacting perm gen  total 12288K, used 9506K [0x32b50000, 0x33750000, 0x36b50000)
   the space 12288K,  77% used [0x32b50000, 0x33498b88, 0x33498c00, 0x33750000)
    ro space 10240K,  42% used [0x36b50000, 0x36f8e580, 0x36f8e600, 0x37550000)
    rw space 12288K,  54% used [0x37550000, 0x37bcf128, 0x37bcf200, 0x38150000)
}
Event: 11.957 GC heap before
{Heap before GC invocations=42 (full 1):
 def new generation   total 5952K, used 5657K [0x22b50000, 0x231c0000, 0x280a0000)
  eden space 5312K, 100% used [0x22b50000, 0x23080000, 0x23080000)
  from space 640K,  53% used [0x23080000, 0x230d6490, 0x23120000)
  to   space 640K,   0% used [0x23120000, 0x23120000, 0x231c0000)
 tenured generation   total 13120K, used 10524K [0x280a0000, 0x28d70000, 0x32b50000)
   the space 13120K,  80% used [0x280a0000, 0x28ae73e0, 0x28ae7400, 0x28d70000)
 compacting perm gen  total 12288K, used 9506K [0x32b50000, 0x33750000, 0x36b50000)
   the space 12288K,  77% used [0x32b50000, 0x33498b88, 0x33498c00, 0x33750000)
    ro space 10240K,  42% used [0x36b50000, 0x36f8e580, 0x36f8e600, 0x37550000)
    rw space 12288K,  54% used [0x37550000, 0x37bcf128, 0x37bcf200, 0x38150000)
Event: 11.959 GC heap after
Heap after GC invocations=43 (full 1):
 def new generation   total 5952K, used 357K [0x22b50000, 0x231c0000, 0x280a0000)
  eden space 5312K,   0% used [0x22b50000, 0x22b50000, 0x23080000)
  from space 640K,  55% used [0x23120000, 0x23179600, 0x231c0000)
  to   space 640K,   0% used [0x23080000, 0x23080000, 0x23120000)
 tenured generation   total 13120K, used 10631K [0x280a0000, 0x28d70000, 0x32b50000)
   the space 13120K,  81% used [0x280a0000, 0x28b01ec0, 0x28b02000, 0x28d70000)
 compacting perm gen  total 12288K, used 9506K [0x32b50000, 0x33750000, 0x36b50000)
   the space 12288K,  77% used [0x32b50000, 0x33498b88, 0x33498c00, 0x33750000)
    ro space 10240K,  42% used [0x36b50000, 0x36f8e580, 0x36f8e600, 0x37550000)
    rw space 12288K,  54% used [0x37550000, 0x37bcf128, 0x37bcf200, 0x38150000)
}
Event: 12.396 GC heap before
{Heap before GC invocations=43 (full 1):
 def new generation   total 5952K, used 5669K [0x22b50000, 0x231c0000, 0x280a0000)
  eden space 5312K, 100% used [0x22b50000, 0x23080000, 0x23080000)
  from space 640K,  55% used [0x23120000, 0x23179600, 0x231c0000)
  to   space 640K,   0% used [0x23080000, 0x23080000, 0x23120000)
 tenured generation   total 13120K, used 10631K [0x280a0000, 0x28d70000, 0x32b50000)
   the space 13120K,  81% used [0x280a0000, 0x28b01ec0, 0x28b02000, 0x28d70000)
 compacting perm gen  total 12288K, used 9527K [0x32b50000, 0x33750000, 0x36b50000)
   the space 12288K,  77% used [0x32b50000, 0x3349df50, 0x3349e000, 0x33750000)
    ro space 10240K,  42% used [0x36b50000, 0x36f8e580, 0x36f8e600, 0x37550000)
    rw space 12288K,  54% used [0x37550000, 0x37bcf128, 0x37bcf200, 0x38150000)
Event: 12.398 GC heap after
Heap after GC invocations=44 (full 1):
 def new generation   total 5952K, used 398K [0x22b50000, 0x231c0000, 0x280a0000)
  eden space 5312K,   0% used [0x22b50000, 0x22b50000, 0x23080000)
  from space 640K,  62% used [0x23080000, 0x230e3b98, 0x23120000)
  to   space 640K,   0% used [0x23120000, 0x23120000, 0x231c0000)
 tenured generation   total 13120K, used 10716K [0x280a0000, 0x28d70000, 0x32b50000)
   the space 13120K,  81% used [0x280a0000, 0x28b170f8, 0x28b17200, 0x28d70000)
 compacting perm gen  total 12288K, used 9527K [0x32b50000, 0x33750000, 0x36b50000)
   the space 12288K,  77% used [0x32b50000, 0x3349df50, 0x3349e000, 0x33750000)
    ro space 10240K,  42% used [0x36b50000, 0x36f8e580, 0x36f8e600, 0x37550000)
    rw space 12288K,  54% used [0x37550000, 0x37bcf128, 0x37bcf200, 0x38150000)
}

